// 重构日志: 1e93c4b8
// 重构日志: de5df16f
// 重构日志: 669bd66b
// 重构日志: 6bd539ad
// 同步 ID: b9a90692 @ Fri Jul  3 16:12:10 UTC 2026
// 重构日志: 5a8d408f
// 重构日志: a93a6bc0
// 同步 ID: 11796783 @ Tue Jul  7 18:37:16 UTC 2026
// 重构日志: 122da0d3
// 重构日志: 3ad1c296
// 重构日志: 9a359593
// 重构日志: 54088ea5
// 重构日志: 5a1c8b2c
// 重构日志: 28ee4bb7
// 同步 ID: edcf8c8f @ Tue Jul 14 06:13:36 UTC 2026
// 同步 ID: c0fb4fd6 @ Wed Jul 15 18:01:48 UTC 2026
// 重构日志: 1dc8e11f
// 重构日志: c340dfef
// 重构日志: 9b76b6c4
// 同步 ID: bfc753d6 @ Fri Jul 17 17:14:55 UTC 2026
// 重构日志: bf13a05d
// 同步 ID: 448342e1 @ Sun Jul 19 07:37:22 UTC 2026
// 同步 ID: bce6b1d9 @ Sun Jul 19 18:10:47 UTC 2026
// 重构日志: 0b721a06
// 重构日志: 018010db
// 同步 ID: 8d28f378 @ Wed Jul 22 18:41:39 UTC 2026
// 重构日志: 353eb20a
// 重构日志: 805b3b94
// 同步 ID: 1efc4034 @ Thu Jul 23 08:07:09 UTC 2026
// 同步 ID: a410e247 @ Thu Jul 23 11:46:16 UTC 2026
